::1 - - [Sun, 08 Oct 2017 01:39:33 GMT] "GET /stylesheets/style.css HTTP/1.1" 200 1836 "http://localhost:3000/" "Mozilla/5.0 (X11; Linux x86_64) AppleWebKit/537.36 (KHTML, like Gecko) Chrome/60.0.3112.113 Safari/537.36"
::1 - - [Sun, 08 Oct 2017 01:39:33 GMT] "GET /images/logo-1503219690911.jpg HTTP/1.1" 200 242 "http://localhost:3000/" "Mozilla/5.0 (X11; Linux x86_64) AppleWebKit/537.36 (KHTML, like Gecko) Chrome/60.0.3112.113 Safari/537.36"
::1 - - [Sun, 08 Oct 2017 01:39:33 GMT] "GET / HTTP/1.1" 200 2824 "-" "Mozilla/5.0 (X11; Linux x86_64) AppleWebKit/537.36 (KHTML, like Gecko) Chrome/60.0.3112.113 Safari/537.36"
::1 - - [Sun, 08 Oct 2017 01:39:34 GMT] "GET /favicon.ico HTTP/1.1" 200 242 "http://localhost:3000/" "Mozilla/5.0 (X11; Linux x86_64) AppleWebKit/537.36 (KHTML, like Gecko) Chrome/60.0.3112.113 Safari/537.36"
::1 - - [Sun, 08 Oct 2017 01:39:37 GMT] "GET /u/z/2017-8-20/12 HTTP/1.1" 200 1537 "http://localhost:3000/" "Mozilla/5.0 (X11; Linux x86_64) AppleWebKit/537.36 (KHTML, like Gecko) Chrome/60.0.3112.113 Safari/537.36"
::1 - - [Sun, 08 Oct 2017 01:39:37 GMT] "GET /stylesheets/style.css HTTP/1.1" 304 - "http://localhost:3000/u/z/2017-8-20/12" "Mozilla/5.0 (X11; Linux x86_64) AppleWebKit/537.36 (KHTML, like Gecko) Chrome/60.0.3112.113 Safari/537.36"
::1 - - [Sun, 08 Oct 2017 01:39:37 GMT] "GET /images/logo-1503219690911.jpg HTTP/1.1" 304 - "http://localhost:3000/u/z/2017-8-20/12" "Mozilla/5.0 (X11; Linux x86_64) AppleWebKit/537.36 (KHTML, like Gecko) Chrome/60.0.3112.113 Safari/537.36"
::1 - - [Sun, 08 Oct 2017 01:39:38 GMT] "GET /favicon.ico HTTP/1.1" 304 - "http://localhost:3000/u/z/2017-8-20/12" "Mozilla/5.0 (X11; Linux x86_64) AppleWebKit/537.36 (KHTML, like Gecko) Chrome/60.0.3112.113 Safari/537.36"
::1 - - [Sun, 08 Oct 2017 01:39:42 GMT] "GET /favicon.ico HTTP/1.1" 304 - "http://localhost:3000/" "Mozilla/5.0 (X11; Linux x86_64) AppleWebKit/537.36 (KHTML, like Gecko) Chrome/60.0.3112.113 Safari/537.36"
::1 - - [Sun, 08 Oct 2017 01:40:05 GMT] "GET /login HTTP/1.1" 200 986 "http://localhost:3000/" "Mozilla/5.0 (X11; Linux x86_64) AppleWebKit/537.36 (KHTML, like Gecko) Chrome/60.0.3112.113 Safari/537.36"
::1 - - [Sun, 08 Oct 2017 01:40:05 GMT] "GET /stylesheets/style.css HTTP/1.1" 304 - "http://localhost:3000/login" "Mozilla/5.0 (X11; Linux x86_64) AppleWebKit/537.36 (KHTML, like Gecko) Chrome/60.0.3112.113 Safari/537.36"
::1 - - [Sun, 08 Oct 2017 01:40:05 GMT] "GET /favicon.ico HTTP/1.1" 304 - "http://localhost:3000/login" "Mozilla/5.0 (X11; Linux x86_64) AppleWebKit/537.36 (KHTML, like Gecko) Chrome/60.0.3112.113 Safari/537.36"
::1 - - [Sun, 08 Oct 2017 01:40:07 GMT] "GET /login/github HTTP/1.1" 302 0 "http://localhost:3000/login" "Mozilla/5.0 (X11; Linux x86_64) AppleWebKit/537.36 (KHTML, like Gecko) Chrome/60.0.3112.113 Safari/537.36"
::1 - - [Sun, 08 Oct 2017 01:40:49 GMT] "GET /login/github/callback?code=cf61fc3dbc730eed3cda HTTP/1.1" 302 46 "https://github.com/" "Mozilla/5.0 (X11; Linux x86_64) AppleWebKit/537.36 (KHTML, like Gecko) Chrome/60.0.3112.113 Safari/537.36"
::1 - - [Sun, 08 Oct 2017 01:40:49 GMT] "GET / HTTP/1.1" 200 2920 "https://github.com/" "Mozilla/5.0 (X11; Linux x86_64) AppleWebKit/537.36 (KHTML, like Gecko) Chrome/60.0.3112.113 Safari/537.36"
::1 - - [Sun, 08 Oct 2017 01:40:49 GMT] "GET /stylesheets/style.css HTTP/1.1" 304 - "http://localhost:3000/" "Mozilla/5.0 (X11; Linux x86_64) AppleWebKit/537.36 (KHTML, like Gecko) Chrome/60.0.3112.113 Safari/537.36"
::1 - - [Sun, 08 Oct 2017 01:40:49 GMT] "GET /images/logo-1503219690911.jpg HTTP/1.1" 304 - "http://localhost:3000/" "Mozilla/5.0 (X11; Linux x86_64) AppleWebKit/537.36 (KHTML, like Gecko) Chrome/60.0.3112.113 Safari/537.36"
::1 - - [Sun, 08 Oct 2017 01:40:50 GMT] "GET /favicon.ico HTTP/1.1" 304 - "http://localhost:3000/" "Mozilla/5.0 (X11; Linux x86_64) AppleWebKit/537.36 (KHTML, like Gecko) Chrome/60.0.3112.113 Safari/537.36"
::1 - - [Sun, 08 Oct 2017 01:41:03 GMT] "GET /logout HTTP/1.1" 302 46 "http://localhost:3000/" "Mozilla/5.0 (X11; Linux x86_64) AppleWebKit/537.36 (KHTML, like Gecko) Chrome/60.0.3112.113 Safari/537.36"
::1 - - [Sun, 08 Oct 2017 01:41:03 GMT] "GET / HTTP/1.1" 200 2860 "http://localhost:3000/" "Mozilla/5.0 (X11; Linux x86_64) AppleWebKit/537.36 (KHTML, like Gecko) Chrome/60.0.3112.113 Safari/537.36"
::1 - - [Sun, 08 Oct 2017 01:41:03 GMT] "GET /stylesheets/style.css HTTP/1.1" 304 - "http://localhost:3000/" "Mozilla/5.0 (X11; Linux x86_64) AppleWebKit/537.36 (KHTML, like Gecko) Chrome/60.0.3112.113 Safari/537.36"
::1 - - [Sun, 08 Oct 2017 01:41:03 GMT] "GET /images/logo-1503219690911.jpg HTTP/1.1" 304 - "http://localhost:3000/" "Mozilla/5.0 (X11; Linux x86_64) AppleWebKit/537.36 (KHTML, like Gecko) Chrome/60.0.3112.113 Safari/537.36"
::1 - - [Sun, 08 Oct 2017 01:41:03 GMT] "GET /favicon.ico HTTP/1.1" 304 - "http://localhost:3000/" "Mozilla/5.0 (X11; Linux x86_64) AppleWebKit/537.36 (KHTML, like Gecko) Chrome/60.0.3112.113 Safari/537.36"
::1 - - [Sun, 08 Oct 2017 01:41:11 GMT] "GET /login HTTP/1.1" 304 - "http://localhost:3000/" "Mozilla/5.0 (X11; Linux x86_64) AppleWebKit/537.36 (KHTML, like Gecko) Chrome/60.0.3112.113 Safari/537.36"
::1 - - [Sun, 08 Oct 2017 01:41:11 GMT] "GET /stylesheets/style.css HTTP/1.1" 304 - "http://localhost:3000/login" "Mozilla/5.0 (X11; Linux x86_64) AppleWebKit/537.36 (KHTML, like Gecko) Chrome/60.0.3112.113 Safari/537.36"
::1 - - [Sun, 08 Oct 2017 01:41:11 GMT] "GET /favicon.ico HTTP/1.1" 304 - "http://localhost:3000/login" "Mozilla/5.0 (X11; Linux x86_64) AppleWebKit/537.36 (KHTML, like Gecko) Chrome/60.0.3112.113 Safari/537.36"
::1 - - [Sun, 08 Oct 2017 01:41:13 GMT] "GET /login/github HTTP/1.1" 302 0 "http://localhost:3000/login" "Mozilla/5.0 (X11; Linux x86_64) AppleWebKit/537.36 (KHTML, like Gecko) Chrome/60.0.3112.113 Safari/537.36"
::1 - - [Sun, 08 Oct 2017 01:41:17 GMT] "GET /login/github/callback?code=37d117e4c5dffbcb519f HTTP/1.1" 302 46 "http://localhost:3000/login" "Mozilla/5.0 (X11; Linux x86_64) AppleWebKit/537.36 (KHTML, like Gecko) Chrome/60.0.3112.113 Safari/537.36"
::1 - - [Sun, 08 Oct 2017 01:41:17 GMT] "GET / HTTP/1.1" 200 2920 "http://localhost:3000/login" "Mozilla/5.0 (X11; Linux x86_64) AppleWebKit/537.36 (KHTML, like Gecko) Chrome/60.0.3112.113 Safari/537.36"
::1 - - [Sun, 08 Oct 2017 01:41:17 GMT] "GET /stylesheets/style.css HTTP/1.1" 304 - "http://localhost:3000/" "Mozilla/5.0 (X11; Linux x86_64) AppleWebKit/537.36 (KHTML, like Gecko) Chrome/60.0.3112.113 Safari/537.36"
::1 - - [Sun, 08 Oct 2017 01:41:17 GMT] "GET /images/logo-1503219690911.jpg HTTP/1.1" 304 - "http://localhost:3000/" "Mozilla/5.0 (X11; Linux x86_64) AppleWebKit/537.36 (KHTML, like Gecko) Chrome/60.0.3112.113 Safari/537.36"
::1 - - [Sun, 08 Oct 2017 01:41:17 GMT] "GET /favicon.ico HTTP/1.1" 304 - "http://localhost:3000/" "Mozilla/5.0 (X11; Linux x86_64) AppleWebKit/537.36 (KHTML, like Gecko) Chrome/60.0.3112.113 Safari/537.36"
::1 - - [Sun, 08 Oct 2017 01:41:20 GMT] "GET /logout HTTP/1.1" 302 46 "http://localhost:3000/" "Mozilla/5.0 (X11; Linux x86_64) AppleWebKit/537.36 (KHTML, like Gecko) Chrome/60.0.3112.113 Safari/537.36"
::1 - - [Sun, 08 Oct 2017 01:41:20 GMT] "GET / HTTP/1.1" 200 2860 "http://localhost:3000/" "Mozilla/5.0 (X11; Linux x86_64) AppleWebKit/537.36 (KHTML, like Gecko) Chrome/60.0.3112.113 Safari/537.36"
::1 - - [Sun, 08 Oct 2017 01:41:20 GMT] "GET /stylesheets/style.css HTTP/1.1" 304 - "http://localhost:3000/" "Mozilla/5.0 (X11; Linux x86_64) AppleWebKit/537.36 (KHTML, like Gecko) Chrome/60.0.3112.113 Safari/537.36"
::1 - - [Sun, 08 Oct 2017 01:41:20 GMT] "GET /images/logo-1503219690911.jpg HTTP/1.1" 304 - "http://localhost:3000/" "Mozilla/5.0 (X11; Linux x86_64) AppleWebKit/537.36 (KHTML, like Gecko) Chrome/60.0.3112.113 Safari/537.36"
::1 - - [Sun, 08 Oct 2017 01:41:20 GMT] "GET /favicon.ico HTTP/1.1" 304 - "http://localhost:3000/" "Mozilla/5.0 (X11; Linux x86_64) AppleWebKit/537.36 (KHTML, like Gecko) Chrome/60.0.3112.113 Safari/537.36"
::1 - - [Sun, 08 Oct 2017 01:41:56 GMT] "GET /stylesheets/style.css HTTP/1.1" 200 1836 "http://localhost:3000/" "Mozilla/5.0 (X11; Linux x86_64) AppleWebKit/537.36 (KHTML, like Gecko) Chrome/60.0.3112.113 Safari/537.36"
::1 - - [Sun, 08 Oct 2017 01:41:56 GMT] "GET / HTTP/1.1" 200 2824 "http://localhost:3000/" "Mozilla/5.0 (X11; Linux x86_64) AppleWebKit/537.36 (KHTML, like Gecko) Chrome/60.0.3112.113 Safari/537.36"
::1 - - [Sun, 08 Oct 2017 01:41:56 GMT] "GET /images/logo-1503219690911.jpg HTTP/1.1" 200 242 "http://localhost:3000/" "Mozilla/5.0 (X11; Linux x86_64) AppleWebKit/537.36 (KHTML, like Gecko) Chrome/60.0.3112.113 Safari/537.36"
::1 - - [Sun, 08 Oct 2017 01:41:56 GMT] "GET /favicon.ico HTTP/1.1" 200 242 "http://localhost:3000/" "Mozilla/5.0 (X11; Linux x86_64) AppleWebKit/537.36 (KHTML, like Gecko) Chrome/60.0.3112.113 Safari/537.36"
::1 - - [Sun, 08 Oct 2017 01:41:59 GMT] "GET /login HTTP/1.1" 200 986 "http://localhost:3000/" "Mozilla/5.0 (X11; Linux x86_64) AppleWebKit/537.36 (KHTML, like Gecko) Chrome/60.0.3112.113 Safari/537.36"
::1 - - [Sun, 08 Oct 2017 01:41:59 GMT] "GET /stylesheets/style.css HTTP/1.1" 304 - "http://localhost:3000/login" "Mozilla/5.0 (X11; Linux x86_64) AppleWebKit/537.36 (KHTML, like Gecko) Chrome/60.0.3112.113 Safari/537.36"
::1 - - [Sun, 08 Oct 2017 01:41:59 GMT] "GET /favicon.ico HTTP/1.1" 304 - "http://localhost:3000/login" "Mozilla/5.0 (X11; Linux x86_64) AppleWebKit/537.36 (KHTML, like Gecko) Chrome/60.0.3112.113 Safari/537.36"
::1 - - [Sun, 08 Oct 2017 01:42:00 GMT] "GET /login/github HTTP/1.1" 302 0 "http://localhost:3000/login" "Mozilla/5.0 (X11; Linux x86_64) AppleWebKit/537.36 (KHTML, like Gecko) Chrome/60.0.3112.113 Safari/537.36"
::1 - - [Sun, 08 Oct 2017 01:42:22 GMT] "GET /login/github/callback?code=32d1530ecf6962d513ee HTTP/1.1" 302 46 "https://github.com/" "Mozilla/5.0 (X11; Linux x86_64) AppleWebKit/537.36 (KHTML, like Gecko) Chrome/60.0.3112.113 Safari/537.36"
::1 - - [Sun, 08 Oct 2017 01:42:22 GMT] "GET / HTTP/1.1" 200 2920 "https://github.com/" "Mozilla/5.0 (X11; Linux x86_64) AppleWebKit/537.36 (KHTML, like Gecko) Chrome/60.0.3112.113 Safari/537.36"
::1 - - [Sun, 08 Oct 2017 01:42:22 GMT] "GET /stylesheets/style.css HTTP/1.1" 304 - "http://localhost:3000/" "Mozilla/5.0 (X11; Linux x86_64) AppleWebKit/537.36 (KHTML, like Gecko) Chrome/60.0.3112.113 Safari/537.36"
::1 - - [Sun, 08 Oct 2017 01:42:22 GMT] "GET /images/logo-1503219690911.jpg HTTP/1.1" 304 - "http://localhost:3000/" "Mozilla/5.0 (X11; Linux x86_64) AppleWebKit/537.36 (KHTML, like Gecko) Chrome/60.0.3112.113 Safari/537.36"
::1 - - [Sun, 08 Oct 2017 01:42:22 GMT] "GET /favicon.ico HTTP/1.1" 304 - "http://localhost:3000/" "Mozilla/5.0 (X11; Linux x86_64) AppleWebKit/537.36 (KHTML, like Gecko) Chrome/60.0.3112.113 Safari/537.36"
::1 - - [Sun, 08 Oct 2017 01:43:11 GMT] "GET /tags/555 HTTP/1.1" 200 973 "http://localhost:3000/" "Mozilla/5.0 (X11; Linux x86_64) AppleWebKit/537.36 (KHTML, like Gecko) Chrome/60.0.3112.113 Safari/537.36"
::1 - - [Sun, 08 Oct 2017 01:43:11 GMT] "GET /stylesheets/style.css HTTP/1.1" 304 - "http://localhost:3000/tags/555" "Mozilla/5.0 (X11; Linux x86_64) AppleWebKit/537.36 (KHTML, like Gecko) Chrome/60.0.3112.113 Safari/537.36"
::1 - - [Sun, 08 Oct 2017 01:43:11 GMT] "GET /favicon.ico HTTP/1.1" 304 - "http://localhost:3000/tags/555" "Mozilla/5.0 (X11; Linux x86_64) AppleWebKit/537.36 (KHTML, like Gecko) Chrome/60.0.3112.113 Safari/537.36"
::1 - - [Sun, 08 Oct 2017 01:43:13 GMT] "GET /u/z/2017-8-20/12 HTTP/1.1" 200 1700 "http://localhost:3000/tags/555" "Mozilla/5.0 (X11; Linux x86_64) AppleWebKit/537.36 (KHTML, like Gecko) Chrome/60.0.3112.113 Safari/537.36"
::1 - - [Sun, 08 Oct 2017 01:43:13 GMT] "GET /stylesheets/style.css HTTP/1.1" 304 - "http://localhost:3000/u/z/2017-8-20/12" "Mozilla/5.0 (X11; Linux x86_64) AppleWebKit/537.36 (KHTML, like Gecko) Chrome/60.0.3112.113 Safari/537.36"
::1 - - [Sun, 08 Oct 2017 01:43:13 GMT] "GET /images/logo-1503219690911.jpg HTTP/1.1" 304 - "http://localhost:3000/u/z/2017-8-20/12" "Mozilla/5.0 (X11; Linux x86_64) AppleWebKit/537.36 (KHTML, like Gecko) Chrome/60.0.3112.113 Safari/537.36"
::1 - - [Sun, 08 Oct 2017 01:43:13 GMT] "GET /favicon.ico HTTP/1.1" 304 - "http://localhost:3000/u/z/2017-8-20/12" "Mozilla/5.0 (X11; Linux x86_64) AppleWebKit/537.36 (KHTML, like Gecko) Chrome/60.0.3112.113 Safari/537.36"
::1 - - [Sun, 08 Oct 2017 01:43:20 GMT] "GET /favicon.ico HTTP/1.1" 304 - "http://localhost:3000/tags/555" "Mozilla/5.0 (X11; Linux x86_64) AppleWebKit/537.36 (KHTML, like Gecko) Chrome/60.0.3112.113 Safari/537.36"
::1 - - [Sun, 08 Oct 2017 01:43:21 GMT] "GET /favicon.ico HTTP/1.1" 304 - "http://localhost:3000/" "Mozilla/5.0 (X11; Linux x86_64) AppleWebKit/537.36 (KHTML, like Gecko) Chrome/60.0.3112.113 Safari/537.36"
